Determining if the pthread_create exist failed with the following output:
Change Dir: /home/aslserver/Documents/ProjectFiles/SeniorProject/BuildV0.0/Linux/CMakeFiles/CMakeTmp

Run Build Command:"/usr/bin/make" "cmTC_0b48d/fast"
/usr/bin/make -f CMakeFiles/cmTC_0b48d.dir/build.make CMakeFiles/cmTC_0b48d.dir/build
make[1]: Entering directory '/home/aslserver/Documents/ProjectFiles/SeniorProject/BuildV0.0/Linux/CMakeFiles/CMakeTmp'
Building C object CMakeFiles/cmTC_0b48d.dir/CheckSymbolExists.c.o
/usr/bin/cc    -fPIC    -o CMakeFiles/cmTC_0b48d.dir/CheckSymbolExists.c.o   -c /home/aslserver/Documents/ProjectFiles/SeniorProject/BuildV0.0/Linux/CMakeFiles/CMakeTmp/CheckSymbolExists.c
Linking C executable cmTC_0b48d
/usr/bin/cmake -E cmake_link_script CMakeFiles/cmTC_0b48d.dir/link.txt --verbose=1
/usr/bin/cc  -fPIC     CMakeFiles/cmTC_0b48d.dir/CheckSymbolExists.c.o  -o cmTC_0b48d -rdynamic 
CMakeFiles/cmTC_0b48d.dir/CheckSymbolExists.c.o: In function `main':
CheckSymbolExists.c:(.text+0x1b): undefined reference to `pthread_create'
collect2: error: ld returned 1 exit status
CMakeFiles/cmTC_0b48d.dir/build.make:97: recipe for target 'cmTC_0b48d' failed
make[1]: *** [cmTC_0b48d] Error 1
make[1]: Leaving directory '/home/aslserver/Documents/ProjectFiles/SeniorProject/BuildV0.0/Linux/CMakeFiles/CMakeTmp'
Makefile:126: recipe for target 'cmTC_0b48d/fast' failed
make: *** [cmTC_0b48d/fast] Error 2

File /home/aslserver/Documents/ProjectFiles/SeniorProject/BuildV0.0/Linux/CMakeFiles/CMakeTmp/CheckSymbolExists.c:
/* */
#include <pthread.h>

int main(int argc, char** argv)
{
  (void)argv;
#ifndef pthread_create
  return ((int*)(&pthread_create))[argc];
#else
  (void)argc;
  return 0;
#endif
}

Determining if the function pthread_create exists in the pthreads failed with the following output:
Change Dir: /home/aslserver/Documents/ProjectFiles/SeniorProject/BuildV0.0/Linux/CMakeFiles/CMakeTmp

Run Build Command:"/usr/bin/make" "cmTC_54d0b/fast"
/usr/bin/make -f CMakeFiles/cmTC_54d0b.dir/build.make CMakeFiles/cmTC_54d0b.dir/build
make[1]: Entering directory '/home/aslserver/Documents/ProjectFiles/SeniorProject/BuildV0.0/Linux/CMakeFiles/CMakeTmp'
Building C object CMakeFiles/cmTC_54d0b.dir/CheckFunctionExists.c.o
/usr/bin/cc    -fPIC -DCHECK_FUNCTION_EXISTS=pthread_create   -o CMakeFiles/cmTC_54d0b.dir/CheckFunctionExists.c.o   -c /usr/share/cmake-3.5/Modules/CheckFunctionExists.c
Linking C executable cmTC_54d0b
/usr/bin/cmake -E cmake_link_script CMakeFiles/cmTC_54d0b.dir/link.txt --verbose=1
/usr/bin/cc  -fPIC -DCHECK_FUNCTION_EXISTS=pthread_create    CMakeFiles/cmTC_54d0b.dir/CheckFunctionExists.c.o  -o cmTC_54d0b -rdynamic -lpthreads 
/usr/bin/ld: cannot find -lpthreads
collect2: error: ld returned 1 exit status
CMakeFiles/cmTC_54d0b.dir/build.make:97: recipe for target 'cmTC_54d0b' failed
make[1]: *** [cmTC_54d0b] Error 1
make[1]: Leaving directory '/home/aslserver/Documents/ProjectFiles/SeniorProject/BuildV0.0/Linux/CMakeFiles/CMakeTmp'
Makefile:126: recipe for target 'cmTC_54d0b/fast' failed
make: *** [cmTC_54d0b/fast] Error 2


