Determining if the pthread_create exist failed with the following output:
Change Dir: /home/aslserver/Documents/ProjectFiles/SeniorProject/BuildV0.0/Linux/openpose/caffe/src/openpose_lib-build/CMakeFiles/CMakeTmp

Run Build Command:"/usr/bin/make" "cmTC_beb12/fast"
make[3]: Entering directory '/home/aslserver/Documents/ProjectFiles/SeniorProject/BuildV0.0/Linux/openpose/caffe/src/openpose_lib-build/CMakeFiles/CMakeTmp'
/usr/bin/make -f CMakeFiles/cmTC_beb12.dir/build.make CMakeFiles/cmTC_beb12.dir/build
make[4]: Entering directory '/home/aslserver/Documents/ProjectFiles/SeniorProject/BuildV0.0/Linux/openpose/caffe/src/openpose_lib-build/CMakeFiles/CMakeTmp'
Building C object CMakeFiles/cmTC_beb12.dir/CheckSymbolExists.c.o
/usr/bin/cc     -o CMakeFiles/cmTC_beb12.dir/CheckSymbolExists.c.o   -c /home/aslserver/Documents/ProjectFiles/SeniorProject/BuildV0.0/Linux/openpose/caffe/src/openpose_lib-build/CMakeFiles/CMakeTmp/CheckSymbolExists.c
Linking C executable cmTC_beb12
/usr/bin/cmake -E cmake_link_script CMakeFiles/cmTC_beb12.dir/link.txt --verbose=1
/usr/bin/cc       CMakeFiles/cmTC_beb12.dir/CheckSymbolExists.c.o  -o cmTC_beb12 -rdynamic 
CMakeFiles/cmTC_beb12.dir/CheckSymbolExists.c.o: In function `main':
CheckSymbolExists.c:(.text+0x16): undefined reference to `pthread_create'
collect2: error: ld returned 1 exit status
CMakeFiles/cmTC_beb12.dir/build.make:97: recipe for target 'cmTC_beb12' failed
make[4]: *** [cmTC_beb12] Error 1
make[4]: Leaving directory '/home/aslserver/Documents/ProjectFiles/SeniorProject/BuildV0.0/Linux/openpose/caffe/src/openpose_lib-build/CMakeFiles/CMakeTmp'
Makefile:126: recipe for target 'cmTC_beb12/fast' failed
make[3]: *** [cmTC_beb12/fast] Error 2
make[3]: Leaving directory '/home/aslserver/Documents/ProjectFiles/SeniorProject/BuildV0.0/Linux/openpose/caffe/src/openpose_lib-build/CMakeFiles/CMakeTmp'

File /home/aslserver/Documents/ProjectFiles/SeniorProject/BuildV0.0/Linux/openpose/caffe/src/openpose_lib-build/CMakeFiles/CMakeTmp/CheckSymbolExists.c:
/* */
#include <pthread.h>

int main(int argc, char** argv)
{
  (void)argv;
#ifndef pthread_create
  return ((int*)(&pthread_create))[argc];
#else
  (void)argc;
  return 0;
#endif
}

Determining if the function pthread_create exists in the pthreads failed with the following output:
Change Dir: /home/aslserver/Documents/ProjectFiles/SeniorProject/BuildV0.0/Linux/openpose/caffe/src/openpose_lib-build/CMakeFiles/CMakeTmp

Run Build Command:"/usr/bin/make" "cmTC_0e122/fast"
make[3]: Entering directory '/home/aslserver/Documents/ProjectFiles/SeniorProject/BuildV0.0/Linux/openpose/caffe/src/openpose_lib-build/CMakeFiles/CMakeTmp'
/usr/bin/make -f CMakeFiles/cmTC_0e122.dir/build.make CMakeFiles/cmTC_0e122.dir/build
make[4]: Entering directory '/home/aslserver/Documents/ProjectFiles/SeniorProject/BuildV0.0/Linux/openpose/caffe/src/openpose_lib-build/CMakeFiles/CMakeTmp'
Building C object CMakeFiles/cmTC_0e122.dir/CheckFunctionExists.c.o
/usr/bin/cc    -DCHECK_FUNCTION_EXISTS=pthread_create   -o CMakeFiles/cmTC_0e122.dir/CheckFunctionExists.c.o   -c /usr/share/cmake-3.5/Modules/CheckFunctionExists.c
Linking C executable cmTC_0e122
/usr/bin/cmake -E cmake_link_script CMakeFiles/cmTC_0e122.dir/link.txt --verbose=1
/usr/bin/cc   -DCHECK_FUNCTION_EXISTS=pthread_create    CMakeFiles/cmTC_0e122.dir/CheckFunctionExists.c.o  -o cmTC_0e122 -rdynamic -lpthreads 
/usr/bin/ld: cannot find -lpthreads
collect2: error: ld returned 1 exit status
CMakeFiles/cmTC_0e122.dir/build.make:97: recipe for target 'cmTC_0e122' failed
make[4]: *** [cmTC_0e122] Error 1
make[4]: Leaving directory '/home/aslserver/Documents/ProjectFiles/SeniorProject/BuildV0.0/Linux/openpose/caffe/src/openpose_lib-build/CMakeFiles/CMakeTmp'
Makefile:126: recipe for target 'cmTC_0e122/fast' failed
make[3]: *** [cmTC_0e122/fast] Error 2
make[3]: Leaving directory '/home/aslserver/Documents/ProjectFiles/SeniorProject/BuildV0.0/Linux/openpose/caffe/src/openpose_lib-build/CMakeFiles/CMakeTmp'


